<?xml version="1.0" encoding="UTF-8"?>
<!-- Generated by org.testng.reporters.JUnitReportReporter -->
<testsuite skipped="0" hostname="DESKTOP-QH08G25" name="com.actiTIME.Maven.Temp1" tests="1" failures="0" timestamp="24 Sep 2018 18:06:17 GMT" time="0.018" errors="0">
  <testcase name="method" time="0.018" classname="com.actiTIME.Maven.Temp1"/>
</testsuite> <!-- com.actiTIME.Maven.Temp1 -->
